{"C:\\Users\\shaan\\Documents\\Task Management Application\\express-backend-mongodb\\audit\\registerUser.js": {"path":"C:\\Users\\shaan\\Documents\\Task Management Application\\express-backend-mongodb\\audit\\registerUser.js","statementMap":{"0":{"start":{"line":1,"column":17},"end":{"line":1,"column":36}},"1":{"start":{"line":3,"column":27},"end":{"line":32,"column":2}},"2":{"start":{"line":34,"column":21},"end":{"line":34,"column":75}},"3":{"start":{"line":35,"column":0},"end":{"line":35,"column":30}}},"fnMap":{},"branchMap":{},"s":{"0":1,"1":1,"2":1,"3":1},"f":{},"b":{},"_coverageSchema":"1a1c01bbd47fc00a2c39e90264f33305004495a9","hash":"5c4478363033f887d1d1ecdcd348d082dd6fc558"}
,"C:\\Users\\shaan\\Documents\\Task Management Application\\express-backend-mongodb\\controllers\\userController.js": {"path":"C:\\Users\\shaan\\Documents\\Task Management Application\\express-backend-mongodb\\controllers\\userController.js","statementMap":{"0":{"start":{"line":1,"column":21},"end":{"line":1,"column":53}},"1":{"start":{"line":2,"column":13},"end":{"line":2,"column":38}},"2":{"start":{"line":3,"column":15},"end":{"line":3,"column":32}},"3":{"start":{"line":5,"column":21},"end":{"line":26,"column":1}},"4":{"start":{"line":6,"column":4},"end":{"line":25,"column":5}},"5":{"start":{"line":7,"column":57},"end":{"line":7,"column":65}},"6":{"start":{"line":8,"column":8},"end":{"line":11,"column":9}},"7":{"start":{"line":9,"column":12},"end":{"line":9,"column":202}},"8":{"start":{"line":10,"column":12},"end":{"line":10,"column":96}},"9":{"start":{"line":12,"column":29},"end":{"line":12,"column":65}},"10":{"start":{"line":13,"column":8},"end":{"line":16,"column":9}},"11":{"start":{"line":14,"column":12},"end":{"line":14,"column":205}},"12":{"start":{"line":15,"column":12},"end":{"line":15,"column":113}},"13":{"start":{"line":17,"column":31},"end":{"line":17,"column":62}},"14":{"start":{"line":18,"column":24},"end":{"line":18,"column":90}},"15":{"start":{"line":19,"column":8},"end":{"line":19,"column":36}},"16":{"start":{"line":20,"column":8},"end":{"line":20,"column":177}},"17":{"start":{"line":21,"column":8},"end":{"line":21,"column":117}},"18":{"start":{"line":23,"column":8},"end":{"line":23,"column":27}},"19":{"start":{"line":24,"column":8},"end":{"line":24,"column":90}},"20":{"start":{"line":28,"column":0},"end":{"line":28,"column":34}}},"fnMap":{"0":{"name":"(anonymous_0)","decl":{"start":{"line":5,"column":21},"end":{"line":5,"column":22}},"loc":{"start":{"line":5,"column":41},"end":{"line":26,"column":1}},"line":5}},"branchMap":{"0":{"loc":{"start":{"line":8,"column":8},"end":{"line":11,"column":9}},"type":"if","locations":[{"start":{"line":8,"column":8},"end":{"line":11,"column":9}},{"start":{},"end":{}}],"line":8},"1":{"loc":{"start":{"line":8,"column":12},"end":{"line":8,"column":58}},"type":"binary-expr","locations":[{"start":{"line":8,"column":12},"end":{"line":8,"column":22}},{"start":{"line":8,"column":26},"end":{"line":8,"column":35}},{"start":{"line":8,"column":39},"end":{"line":8,"column":45}},{"start":{"line":8,"column":49},"end":{"line":8,"column":58}}],"line":8},"2":{"loc":{"start":{"line":9,"column":75},"end":{"line":9,"column":124}},"type":"cond-expr","locations":[{"start":{"line":9,"column":86},"end":{"line":9,"column":117}},{"start":{"line":9,"column":120},"end":{"line":9,"column":124}}],"line":9},"3":{"loc":{"start":{"line":13,"column":8},"end":{"line":16,"column":9}},"type":"if","locations":[{"start":{"line":13,"column":8},"end":{"line":16,"column":9}},{"start":{},"end":{}}],"line":13}},"s":{"0":1,"1":1,"2":1,"3":1,"4":4,"5":4,"6":4,"7":2,"8":2,"9":2,"10":2,"11":1,"12":1,"13":1,"14":1,"15":1,"16":1,"17":1,"18":0,"19":0,"20":1},"f":{"0":4},"b":{"0":[2,2],"1":[4,4,4,3],"2":[1,1],"3":[1,1]},"_coverageSchema":"1a1c01bbd47fc00a2c39e90264f33305004495a9","hash":"902ede4efd4a3ee84c5587c2d4b5c63c09994d15"}
,"C:\\Users\\shaan\\Documents\\Task Management Application\\express-backend-mongodb\\models\\User.js": {"path":"C:\\Users\\shaan\\Documents\\Task Management Application\\express-backend-mongodb\\models\\User.js","statementMap":{"0":{"start":{"line":1,"column":17},"end":{"line":1,"column":36}},"1":{"start":{"line":3,"column":19},"end":{"line":24,"column":24}},"2":{"start":{"line":26,"column":13},"end":{"line":26,"column":51}},"3":{"start":{"line":27,"column":0},"end":{"line":27,"column":22}}},"fnMap":{},"branchMap":{},"s":{"0":1,"1":1,"2":1,"3":1},"f":{},"b":{},"_coverageSchema":"1a1c01bbd47fc00a2c39e90264f33305004495a9","hash":"f2605001fc11d1ebe82376a968421ef3a38463da"}
,"C:\\Users\\shaan\\Documents\\Task Management Application\\express-backend-mongodb\\routes\\userRoutes.js": {"path":"C:\\Users\\shaan\\Documents\\Task Management Application\\express-backend-mongodb\\routes\\userRoutes.js","statementMap":{"0":{"start":{"line":1,"column":16},"end":{"line":1,"column":34}},"1":{"start":{"line":2,"column":25},"end":{"line":2,"column":65}},"2":{"start":{"line":3,"column":15},"end":{"line":3,"column":31}},"3":{"start":{"line":5,"column":0},"end":{"line":5,"column":39}},"4":{"start":{"line":7,"column":0},"end":{"line":7,"column":24}}},"fnMap":{},"branchMap":{},"s":{"0":1,"1":1,"2":1,"3":1,"4":1},"f":{},"b":{},"_coverageSchema":"1a1c01bbd47fc00a2c39e90264f33305004495a9","hash":"05941cac5e6863e7521969139a5b160977028b54"}
}
