{"C:\\Users\\shaan\\Documents\\Task Management Application\\express-backend-mongodb\\audit\\loginUser.js": {"path":"C:\\Users\\shaan\\Documents\\Task Management Application\\express-backend-mongodb\\audit\\loginUser.js","statementMap":{"0":{"start":{"line":1,"column":17},"end":{"line":1,"column":36}},"1":{"start":{"line":3,"column":24},"end":{"line":24,"column":2}},"2":{"start":{"line":26,"column":18},"end":{"line":26,"column":66}},"3":{"start":{"line":27,"column":0},"end":{"line":27,"column":27}}},"fnMap":{},"branchMap":{},"s":{"0":2,"1":2,"2":2,"3":2},"f":{},"b":{},"_coverageSchema":"1a1c01bbd47fc00a2c39e90264f33305004495a9","hash":"1038d1210f2b70e415b15243638c1bbcbd69e59a"}
,"C:\\Users\\shaan\\Documents\\Task Management Application\\express-backend-mongodb\\audit\\registerUser.js": {"path":"C:\\Users\\shaan\\Documents\\Task Management Application\\express-backend-mongodb\\audit\\registerUser.js","statementMap":{"0":{"start":{"line":1,"column":17},"end":{"line":1,"column":36}},"1":{"start":{"line":3,"column":27},"end":{"line":32,"column":2}},"2":{"start":{"line":34,"column":21},"end":{"line":34,"column":75}},"3":{"start":{"line":35,"column":0},"end":{"line":35,"column":30}}},"fnMap":{},"branchMap":{},"s":{"0":2,"1":2,"2":2,"3":2},"f":{},"b":{},"_coverageSchema":"1a1c01bbd47fc00a2c39e90264f33305004495a9","hash":"5c4478363033f887d1d1ecdcd348d082dd6fc558"}
,"C:\\Users\\shaan\\Documents\\Task Management Application\\express-backend-mongodb\\controllers\\userController.js": {"path":"C:\\Users\\shaan\\Documents\\Task Management Application\\express-backend-mongodb\\controllers\\userController.js","statementMap":{"0":{"start":{"line":1,"column":18},"end":{"line":1,"column":47}},"1":{"start":{"line":2,"column":21},"end":{"line":2,"column":53}},"2":{"start":{"line":3,"column":13},"end":{"line":3,"column":38}},"3":{"start":{"line":4,"column":15},"end":{"line":4,"column":32}},"4":{"start":{"line":5,"column":12},"end":{"line":5,"column":35}},"5":{"start":{"line":6,"column":0},"end":{"line":6,"column":27}},"6":{"start":{"line":8,"column":21},"end":{"line":29,"column":1}},"7":{"start":{"line":9,"column":4},"end":{"line":28,"column":5}},"8":{"start":{"line":10,"column":57},"end":{"line":10,"column":65}},"9":{"start":{"line":11,"column":8},"end":{"line":14,"column":9}},"10":{"start":{"line":12,"column":12},"end":{"line":12,"column":202}},"11":{"start":{"line":13,"column":12},"end":{"line":13,"column":96}},"12":{"start":{"line":15,"column":29},"end":{"line":15,"column":65}},"13":{"start":{"line":16,"column":8},"end":{"line":19,"column":9}},"14":{"start":{"line":17,"column":12},"end":{"line":17,"column":205}},"15":{"start":{"line":18,"column":12},"end":{"line":18,"column":113}},"16":{"start":{"line":20,"column":31},"end":{"line":20,"column":62}},"17":{"start":{"line":21,"column":24},"end":{"line":21,"column":90}},"18":{"start":{"line":22,"column":8},"end":{"line":22,"column":36}},"19":{"start":{"line":23,"column":8},"end":{"line":23,"column":177}},"20":{"start":{"line":24,"column":8},"end":{"line":24,"column":117}},"21":{"start":{"line":26,"column":8},"end":{"line":26,"column":27}},"22":{"start":{"line":27,"column":8},"end":{"line":27,"column":90}},"23":{"start":{"line":31,"column":18},"end":{"line":58,"column":1}},"24":{"start":{"line":32,"column":4},"end":{"line":57,"column":5}},"25":{"start":{"line":33,"column":36},"end":{"line":33,"column":44}},"26":{"start":{"line":34,"column":8},"end":{"line":37,"column":9}},"27":{"start":{"line":35,"column":12},"end":{"line":35,"column":182}},"28":{"start":{"line":36,"column":12},"end":{"line":36,"column":96}},"29":{"start":{"line":38,"column":21},"end":{"line":38,"column":57}},"30":{"start":{"line":39,"column":8},"end":{"line":42,"column":9}},"31":{"start":{"line":40,"column":12},"end":{"line":40,"column":172}},"32":{"start":{"line":41,"column":12},"end":{"line":41,"column":104}},"33":{"start":{"line":43,"column":30},"end":{"line":43,"column":75}},"34":{"start":{"line":44,"column":8},"end":{"line":47,"column":9}},"35":{"start":{"line":45,"column":12},"end":{"line":45,"column":159}},"36":{"start":{"line":46,"column":12},"end":{"line":46,"column":91}},"37":{"start":{"line":48,"column":26},"end":{"line":48,"column":48}},"38":{"start":{"line":49,"column":22},"end":{"line":51,"column":10}},"39":{"start":{"line":52,"column":8},"end":{"line":52,"column":152}},"40":{"start":{"line":53,"column":8},"end":{"line":53,"column":97}},"41":{"start":{"line":55,"column":8},"end":{"line":55,"column":27}},"42":{"start":{"line":56,"column":8},"end":{"line":56,"column":90}},"43":{"start":{"line":60,"column":0},"end":{"line":60,"column":45}}},"fnMap":{"0":{"name":"(anonymous_0)","decl":{"start":{"line":8,"column":21},"end":{"line":8,"column":22}},"loc":{"start":{"line":8,"column":41},"end":{"line":29,"column":1}},"line":8},"1":{"name":"(anonymous_1)","decl":{"start":{"line":31,"column":18},"end":{"line":31,"column":19}},"loc":{"start":{"line":31,"column":38},"end":{"line":58,"column":1}},"line":31}},"branchMap":{"0":{"loc":{"start":{"line":11,"column":8},"end":{"line":14,"column":9}},"type":"if","locations":[{"start":{"line":11,"column":8},"end":{"line":14,"column":9}},{"start":{},"end":{}}],"line":11},"1":{"loc":{"start":{"line":11,"column":12},"end":{"line":11,"column":58}},"type":"binary-expr","locations":[{"start":{"line":11,"column":12},"end":{"line":11,"column":22}},{"start":{"line":11,"column":26},"end":{"line":11,"column":35}},{"start":{"line":11,"column":39},"end":{"line":11,"column":45}},{"start":{"line":11,"column":49},"end":{"line":11,"column":58}}],"line":11},"2":{"loc":{"start":{"line":12,"column":75},"end":{"line":12,"column":124}},"type":"cond-expr","locations":[{"start":{"line":12,"column":86},"end":{"line":12,"column":117}},{"start":{"line":12,"column":120},"end":{"line":12,"column":124}}],"line":12},"3":{"loc":{"start":{"line":16,"column":8},"end":{"line":19,"column":9}},"type":"if","locations":[{"start":{"line":16,"column":8},"end":{"line":19,"column":9}},{"start":{},"end":{}}],"line":16},"4":{"loc":{"start":{"line":34,"column":8},"end":{"line":37,"column":9}},"type":"if","locations":[{"start":{"line":34,"column":8},"end":{"line":37,"column":9}},{"start":{},"end":{}}],"line":34},"5":{"loc":{"start":{"line":34,"column":12},"end":{"line":34,"column":31}},"type":"binary-expr","locations":[{"start":{"line":34,"column":12},"end":{"line":34,"column":18}},{"start":{"line":34,"column":22},"end":{"line":34,"column":31}}],"line":34},"6":{"loc":{"start":{"line":35,"column":51},"end":{"line":35,"column":100}},"type":"cond-expr","locations":[{"start":{"line":35,"column":62},"end":{"line":35,"column":93}},{"start":{"line":35,"column":96},"end":{"line":35,"column":100}}],"line":35},"7":{"loc":{"start":{"line":39,"column":8},"end":{"line":42,"column":9}},"type":"if","locations":[{"start":{"line":39,"column":8},"end":{"line":42,"column":9}},{"start":{},"end":{}}],"line":39},"8":{"loc":{"start":{"line":44,"column":8},"end":{"line":47,"column":9}},"type":"if","locations":[{"start":{"line":44,"column":8},"end":{"line":47,"column":9}},{"start":{},"end":{}}],"line":44}},"s":{"0":2,"1":2,"2":2,"3":2,"4":2,"5":2,"6":2,"7":5,"8":5,"9":5,"10":2,"11":2,"12":3,"13":3,"14":1,"15":1,"16":2,"17":2,"18":2,"19":1,"20":1,"21":1,"22":1,"23":2,"24":6,"25":6,"26":6,"27":2,"28":2,"29":4,"30":3,"31":1,"32":1,"33":2,"34":2,"35":1,"36":1,"37":1,"38":1,"39":1,"40":1,"41":1,"42":1,"43":2},"f":{"0":5,"1":6},"b":{"0":[2,3],"1":[5,5,5,4],"2":[1,1],"3":[1,2],"4":[2,4],"5":[6,5],"6":[1,1],"7":[1,2],"8":[1,1]},"_coverageSchema":"1a1c01bbd47fc00a2c39e90264f33305004495a9","hash":"34cb4c02f8566b64db59cba6ff1c355d4f28b194"}
,"C:\\Users\\shaan\\Documents\\Task Management Application\\express-backend-mongodb\\models\\User.js": {"path":"C:\\Users\\shaan\\Documents\\Task Management Application\\express-backend-mongodb\\models\\User.js","statementMap":{"0":{"start":{"line":1,"column":17},"end":{"line":1,"column":36}},"1":{"start":{"line":3,"column":19},"end":{"line":24,"column":24}},"2":{"start":{"line":26,"column":13},"end":{"line":26,"column":51}},"3":{"start":{"line":27,"column":0},"end":{"line":27,"column":22}}},"fnMap":{},"branchMap":{},"s":{"0":2,"1":2,"2":2,"3":2},"f":{},"b":{},"_coverageSchema":"1a1c01bbd47fc00a2c39e90264f33305004495a9","hash":"f2605001fc11d1ebe82376a968421ef3a38463da"}
,"C:\\Users\\shaan\\Documents\\Task Management Application\\express-backend-mongodb\\routes\\userRoutes.js": {"path":"C:\\Users\\shaan\\Documents\\Task Management Application\\express-backend-mongodb\\routes\\userRoutes.js","statementMap":{"0":{"start":{"line":1,"column":16},"end":{"line":1,"column":34}},"1":{"start":{"line":2,"column":36},"end":{"line":2,"column":76}},"2":{"start":{"line":3,"column":15},"end":{"line":3,"column":31}},"3":{"start":{"line":5,"column":0},"end":{"line":5,"column":39}},"4":{"start":{"line":6,"column":0},"end":{"line":6,"column":33}},"5":{"start":{"line":8,"column":0},"end":{"line":8,"column":24}}},"fnMap":{},"branchMap":{},"s":{"0":2,"1":2,"2":2,"3":2,"4":2,"5":2},"f":{},"b":{},"_coverageSchema":"1a1c01bbd47fc00a2c39e90264f33305004495a9","hash":"d2d0604bf2a362656d739ba6660c4904b5a8dfaa"}
}
