TN:
SF:audit\TaskController\createTask.js
FNF:0
FNH:0
DA:1,2
DA:3,2
DA:48,2
DA:49,2
LF:4
LH:4
BRF:0
BRH:0
end_of_record
TN:
SF:audit\TaskController\getAllTasksForUser.js
FNF:0
FNH:0
DA:1,2
DA:2,2
DA:4,2
DA:45,2
DA:61,2
DA:62,2
LF:6
LH:6
BRF:0
BRH:0
end_of_record
TN:
SF:audit\UserController\getAllUsers.js
FNF:0
FNH:0
DA:1,4
DA:3,4
DA:26,4
DA:38,4
DA:39,4
LF:5
LH:5
BRF:0
BRH:0
end_of_record
TN:
SF:audit\UserController\getSingleUserById.js
FNF:0
FNH:0
DA:1,4
DA:3,4
DA:26,4
DA:38,4
DA:39,4
LF:5
LH:5
BRF:0
BRH:0
end_of_record
TN:
SF:audit\UserController\loginUser.js
FNF:0
FNH:0
DA:1,4
DA:3,4
DA:26,4
DA:27,4
LF:4
LH:4
BRF:0
BRH:0
end_of_record
TN:
SF:audit\UserController\registerUser.js
FNF:0
FNH:0
DA:1,4
DA:3,4
DA:34,4
DA:35,4
LF:4
LH:4
BRF:0
BRH:0
end_of_record
TN:
SF:controllers\taskController.js
FN:6,(anonymous_0)
FN:29,(anonymous_1)
FNF:2
FNH:2
FNDA:2,(anonymous_0)
FNDA:3,(anonymous_1)
DA:1,2
DA:2,2
DA:3,2
DA:4,2
DA:6,2
DA:7,2
DA:8,2
DA:9,2
DA:10,2
DA:11,1
DA:12,1
DA:14,1
DA:15,1
DA:16,1
DA:17,1
DA:19,0
DA:20,0
DA:21,0
DA:22,0
DA:24,0
DA:25,0
DA:29,2
DA:30,3
DA:31,3
DA:32,3
DA:33,3
DA:34,1
DA:35,1
DA:37,2
DA:38,1
DA:39,1
DA:41,1
DA:42,1
DA:46,2
LF:34
LH:28
BRDA:10,0,0,1
BRDA:10,0,1,1
BRDA:10,1,0,2
BRDA:10,1,1,1
BRDA:10,1,2,1
BRDA:10,1,3,1
BRDA:10,1,4,1
BRDA:10,1,5,1
BRDA:15,2,0,1
BRDA:15,2,1,0
BRDA:33,3,0,1
BRDA:33,3,1,2
BRF:12
BRH:11
end_of_record
TN:
SF:controllers\userController.js
FN:10,(anonymous_0)
FN:33,(anonymous_1)
FN:62,(anonymous_2)
FN:73,(anonymous_3)
FNF:4
FNH:4
FNDA:5,(anonymous_0)
FNDA:6,(anonymous_1)
FNDA:2,(anonymous_2)
FNDA:3,(anonymous_3)
DA:1,4
DA:2,4
DA:3,4
DA:4,4
DA:5,4
DA:6,4
DA:7,4
DA:8,4
DA:10,4
DA:11,5
DA:12,5
DA:13,5
DA:14,2
DA:15,2
DA:17,3
DA:18,3
DA:19,1
DA:20,1
DA:22,2
DA:23,2
DA:24,2
DA:25,1
DA:26,1
DA:28,1
DA:29,1
DA:33,4
DA:34,6
DA:35,6
DA:36,6
DA:37,2
DA:38,2
DA:40,4
DA:41,3
DA:42,1
DA:43,1
DA:45,2
DA:46,2
DA:47,1
DA:48,1
DA:50,1
DA:51,1
DA:54,1
DA:55,1
DA:57,1
DA:58,1
DA:62,4
DA:63,2
DA:64,2
DA:65,1
DA:66,1
DA:68,1
DA:69,1
DA:73,4
DA:74,3
DA:75,3
DA:76,3
DA:77,2
DA:78,1
DA:79,1
DA:81,1
DA:82,1
DA:84,1
DA:85,1
DA:89,4
LF:64
LH:64
BRDA:13,0,0,2
BRDA:13,0,1,3
BRDA:13,1,0,5
BRDA:13,1,1,5
BRDA:13,1,2,5
BRDA:13,1,3,4
BRDA:14,2,0,1
BRDA:14,2,1,1
BRDA:18,3,0,1
BRDA:18,3,1,2
BRDA:36,4,0,2
BRDA:36,4,1,4
BRDA:36,5,0,6
BRDA:36,5,1,5
BRDA:37,6,0,1
BRDA:37,6,1,1
BRDA:41,7,0,1
BRDA:41,7,1,2
BRDA:46,8,0,1
BRDA:46,8,1,1
BRDA:77,9,0,1
BRDA:77,9,1,1
BRF:22
BRH:22
end_of_record
TN:
SF:models\Task.js
FNF:0
FNH:0
DA:1,2
DA:3,2
DA:44,2
DA:45,2
LF:4
LH:4
BRF:0
BRH:0
end_of_record
TN:
SF:models\User.js
FNF:0
FNH:0
DA:1,6
DA:3,6
DA:26,6
DA:27,6
LF:4
LH:4
BRF:0
BRH:0
end_of_record
TN:
SF:routes\taskRoutes.js
FNF:0
FNH:0
DA:1,2
DA:2,2
DA:3,2
DA:5,2
DA:6,2
DA:8,2
LF:6
LH:6
BRF:0
BRH:0
end_of_record
TN:
SF:routes\userRoutes.js
FNF:0
FNH:0
DA:1,4
DA:2,4
DA:3,4
DA:5,4
DA:6,4
DA:7,4
DA:8,4
DA:10,4
LF:8
LH:8
BRF:0
BRH:0
end_of_record
