TN:
SF:audit\registerUser.js
FNF:0
FNH:0
DA:1,1
DA:3,1
DA:34,1
DA:35,1
LF:4
LH:4
BRF:0
BRH:0
end_of_record
TN:
SF:controllers\userController.js
FN:5,(anonymous_0)
FNF:1
FNH:1
FNDA:4,(anonymous_0)
DA:1,1
DA:2,1
DA:3,1
DA:5,1
DA:6,4
DA:7,4
DA:8,4
DA:9,2
DA:10,2
DA:12,2
DA:13,2
DA:14,1
DA:15,1
DA:17,1
DA:18,1
DA:19,1
DA:20,1
DA:21,1
DA:23,0
DA:24,0
DA:28,1
LF:21
LH:19
BRDA:8,0,0,2
BRDA:8,0,1,2
BRDA:8,1,0,4
BRDA:8,1,1,4
BRDA:8,1,2,4
BRDA:8,1,3,3
BRDA:9,2,0,1
BRDA:9,2,1,1
BRDA:13,3,0,1
BRDA:13,3,1,1
BRF:10
BRH:10
end_of_record
TN:
SF:models\User.js
FNF:0
FNH:0
DA:1,1
DA:3,1
DA:26,1
DA:27,1
LF:4
LH:4
BRF:0
BRH:0
end_of_record
TN:
SF:routes\userRoutes.js
FNF:0
FNH:0
DA:1,1
DA:2,1
DA:3,1
DA:5,1
DA:7,1
LF:5
LH:5
BRF:0
BRH:0
end_of_record
